# JRE version: OpenJDK Runtime Environment Temurin-17.0.16+8 (17.0.16+8) (build 17.0.16+8)
# Java VM: OpenJDK 64-Bit Server VM Temurin-17.0.16+8 (17.0.16+8, mixed mode, sharing, tiered, compressed oops, compressed class ptrs, g1 gc, windows-amd64)
GC Precious Log:
 CPUs: 8 total, 8 available
 Memory: 6091M
 Large Page Support: Disabled
 NUMA Support: Disabled
 Compressed Oops: Enabled (32-bit)
 Heap Region Size: 1M
 Heap Min Capacity: 8M
 Heap Initial Capacity: 96M
 Heap Max Capacity: 1524M
 Pre-touch: Disabled
 Parallel Workers: 8
 Concurrent Workers: 2
 Concurrent Refinement Workers: 8
 Periodic GC: Disabled
Heap:
 garbage-first heap   total 196608K, used 50439K [0x00000000a0c00000, 0x0000000100000000)
  region size 1024K, 10 young (10240K), 10 survivors (10240K)
 Metaspace       used 9821K, committed 9984K, reserved 1114112K
  class space    used 1138K, committed 1216K, reserved 1048576K
GC Heap History (19 events):
Event: 2.319 GC heap before
{Heap before GC invocations=0 (full 0):
 garbage-first heap   total 98304K, used 22528K [0x00000000a0c00000, 0x0000000100000000)
  region size 1024K, 23 young (23552K), 0 survivors (0K)
 Metaspace       used 5870K, committed 6016K, reserved 1114112K
  class space    used 748K, committed 832K, reserved 1048576K
}
Event: 2.338 GC heap after
{Heap after GC invocations=1 (full 0):
 garbage-first heap   total 98304K, used 8320K [0x00000000a0c00000, 0x0000000100000000)
  region size 1024K, 3 young (3072K), 3 survivors (3072K)
 Metaspace       used 5870K, committed 6016K, reserved 1114112K
  class space    used 748K, committed 832K, reserved 1048576K
}
Event: 3.214 GC heap before
{Heap before GC invocations=1 (full 0):
 garbage-first heap   total 98304K, used 26752K [0x00000000a0c00000, 0x0000000100000000)
  region size 1024K, 22 young (22528K), 3 survivors (3072K)
 Metaspace       used 9640K, committed 9792K, reserved 1114112K
  class space    used 1126K, committed 1216K, reserved 1048576K
}
Event: 3.225 GC heap after
{Heap after GC invocations=2 (full 0):
 garbage-first heap   total 98304K, used 9549K [0x00000000a0c00000, 0x0000000100000000)
  region size 1024K, 2 young (2048K), 2 survivors (2048K)
 Metaspace       used 9640K, committed 9792K, reserved 1114112K
  class space    used 1126K, committed 1216K, reserved 1048576K
}
Event: 3.388 GC heap before
{Heap before GC invocations=2 (full 0):
 garbage-first heap   total 98304K, used 46413K [0x00000000a0c00000, 0x0000000100000000)
  region size 1024K, 38 young (38912K), 2 survivors (2048K)
 Metaspace       used 9659K, committed 9856K, reserved 1114112K
  class space    used 1127K, committed 1216K, reserved 1048576K
}
Event: 3.401 GC heap after
{Heap after GC invocations=3 (full 0):
 garbage-first heap   total 98304K, used 11202K [0x00000000a0c00000, 0x0000000100000000)
  region size 1024K, 3 young (3072K), 3 survivors (3072K)
 Metaspace       used 9659K, committed 9856K, reserved 1114112K
  class space    used 1127K, committed 1216K, reserved 1048576K
}
Event: 3.622 GC heap before
{Heap before GC invocations=3 (full 0):
 garbage-first heap   total 98304K, used 66498K [0x00000000a0c00000, 0x0000000100000000)
  region size 1024K, 57 young (58368K), 3 survivors (3072K)
 Metaspace       used 9684K, committed 9856K, reserved 1114112K
  class space    used 1127K, committed 1216K, reserved 1048576K
}
Event: 3.648 GC heap after
{Heap after GC invocations=4 (full 0):
 garbage-first heap   total 98304K, used 15018K [0x00000000a0c00000, 0x0000000100000000)
  region size 1024K, 7 young (7168K), 7 survivors (7168K)
 Metaspace       used 9684K, committed 9856K, reserved 1114112K
  class space    used 1127K, committed 1216K, reserved 1048576K
}
Event: 3.800 GC heap before
{Heap before GC invocations=4 (full 0):
 garbage-first heap   total 98304K, used 67242K [0x00000000a0c00000, 0x0000000100000000)
  region size 1024K, 57 young (58368K), 7 survivors (7168K)
 Metaspace       used 9783K, committed 9920K, reserved 1114112K
  class space    used 1137K, committed 1216K, reserved 1048576K
}
Event: 3.829 GC heap after
{Heap after GC invocations=5 (full 0):
 garbage-first heap   total 98304K, used 19113K [0x00000000a0c00000, 0x0000000100000000)
  region size 1024K, 7 young (7168K), 7 survivors (7168K)
 Metaspace       used 9783K, committed 9920K, reserved 1114112K
  class space    used 1137K, committed 1216K, reserved 1048576K
}
Event: 3.907 GC heap before
{Heap before GC invocations=5 (full 0):
 garbage-first heap   total 98304K, used 70313K [0x00000000a0c00000, 0x0000000100000000)
  region size 1024K, 57 young (58368K), 7 survivors (7168K)
 Metaspace       used 9805K, committed 9984K, reserved 1114112K
  class space    used 1137K, committed 1216K, reserved 1048576K
}
Event: 3.932 GC heap after
{Heap after GC invocations=6 (full 0):
 garbage-first heap   total 196608K, used 21919K [0x00000000a0c00000, 0x0000000100000000)
  region size 1024K, 6 young (6144K), 6 survivors (6144K)
 Metaspace       used 9805K, committed 9984K, reserved 1114112K
  class space    used 1137K, committed 1216K, reserved 1048576K
}
Event: 4.182 GC heap before
{Heap before GC invocations=6 (full 0):
 garbage-first heap   total 196608K, used 135583K [0x00000000a0c00000, 0x0000000100000000)
  region size 1024K, 115 young (117760K), 6 survivors (6144K)
 Metaspace       used 9807K, committed 9984K, reserved 1114112K
  class space    used 1138K, committed 1216K, reserved 1048576K
}
Event: 4.202 GC heap after
{Heap after GC invocations=7 (full 0):
 garbage-first heap   total 196608K, used 29996K [0x00000000a0c00000, 0x0000000100000000)
  region size 1024K, 12 young (12288K), 12 survivors (12288K)
 Metaspace       used 9807K, committed 9984K, reserved 1114112K
  class space    used 1138K, committed 1216K, reserved 1048576K
}
Event: 4.338 GC heap before
{Heap before GC invocations=7 (full 0):
 garbage-first heap   total 196608K, used 135468K [0x00000000a0c00000, 0x0000000100000000)
  region size 1024K, 115 young (117760K), 12 survivors (12288K)
 Metaspace       used 9812K, committed 9984K, reserved 1114112K
  class space    used 1138K, committed 1216K, reserved 1048576K
}
Event: 4.372 GC heap after
{Heap after GC invocations=8 (full 0):
 garbage-first heap   total 196608K, used 36676K [0x00000000a0c00000, 0x0000000100000000)
  region size 1024K, 13 young (13312K), 13 survivors (13312K)
 Metaspace       used 9812K, committed 9984K, reserved 1114112K
  class space    used 1138K, committed 1216K, reserved 1048576K
}
Event: 4.469 GC heap before
{Heap before GC invocations=8 (full 0):
 garbage-first heap   total 196608K, used 141124K [0x00000000a0c00000, 0x0000000100000000)
  region size 1024K, 115 young (117760K), 13 survivors (13312K)
 Metaspace       used 9816K, committed 9984K, reserved 1114112K
  class space    used 1138K, committed 1216K, reserved 1048576K
}
Event: 4.502 GC heap after
{Heap after GC invocations=9 (full 0):
 garbage-first heap   total 196608K, used 41375K [0x00000000a0c00000, 0x0000000100000000)
  region size 1024K, 12 young (12288K), 12 survivors (12288K)
 Metaspace       used 9816K, committed 9984K, reserved 1114112K
  class space    used 1138K, committed 1216K, reserved 1048576K
}
Event: 4.650 GC heap before
{Heap before GC invocations=9 (full 0):
 garbage-first heap   total 196608K, used 149919K [0x00000000a0c00000, 0x0000000100000000)
  region size 1024K, 115 young (117760K), 12 survivors (12288K)
 Metaspace       used 9821K, committed 9984K, reserved 1114112K
  class space    used 1138K, committed 1216K, reserved 1048576K
}

